<?xml version="1.0" encoding="UTF-8"?>
<testng-results ignored="0" total="2" passed="2" failed="0" skipped="0">
  <reporter-output>
  </reporter-output>
  <suite started-at="2023-08-31T16:47:14 IST" name="Suite" finished-at="2023-08-31T16:47:46 IST" duration-ms="31784">
    <groups>
    </groups>
    <test started-at="2023-08-31T16:47:14 IST" name="test_chrome" finished-at="2023-08-31T16:47:34 IST" duration-ms="19411">
      <class name="Testcov12.practise_paraexe">
        <test-method signature="test1(java.lang.String)[pri:0, instance:Testcov12.practise_paraexe@6eeade6c]" started-at="2023-08-31T16:47:14 IST" name="test1" finished-at="2023-08-31T16:47:34 IST" duration-ms="19294" status="PASS">
          <params>
            <param index="0">
              <value>
                <![CDATA[chrome]]>
              </value>
            </param>
          </params>
          <reporter-output>
          </reporter-output>
        </test-method> <!-- test1 -->
      </class> <!-- Testcov12.practise_paraexe -->
    </test> <!-- test_chrome -->
    <test started-at="2023-08-31T16:47:14 IST" name="test_firefox" finished-at="2023-08-31T16:47:46 IST" duration-ms="31784">
      <class name="Testcov12.practise_paraexe">
        <test-method signature="test1(java.lang.String)[pri:0, instance:Testcov12.practise_paraexe@246f8b8b]" started-at="2023-08-31T16:47:14 IST" name="test1" finished-at="2023-08-31T16:47:46 IST" duration-ms="31634" status="PASS">
          <params>
            <param index="0">
              <value>
                <![CDATA[firefox]]>
              </value>
            </param>
          </params>
          <reporter-output>
          </reporter-output>
        </test-method> <!-- test1 -->
      </class> <!-- Testcov12.practise_paraexe -->
    </test> <!-- test_firefox -->
  </suite> <!-- Suite -->
</testng-results>
